{
  "RSpec": {
    "coverage": {
      "/Users/chrishewitt/Turing/3mod/sweater_weather/app/models/user.rb": {
        "lines": [
          1,
          null,
          1,
          null,
          null,
          null,
          1,
          null,
          null,
          1,
          null,
          1,
          null,
          1,
          null,
          1,
          1,
          4,
          null,
          null
        ]
      },
      "/Users/chrishewitt/Turing/3mod/sweater_weather/app/models/application_record.rb": {
        "lines": [
          1,
          1,
          null
        ]
      },
      "/Users/chrishewitt/Turing/3mod/sweater_weather/app/poros/book_forecast_search.rb": {
        "lines": [
          1,
          1,
          null,
          null,
          null,
          null,
          1,
          1,
          1,
          1,
          1,
          1,
          null,
          null,
          1,
          null,
          1,
          null,
          null,
          null,
          null
        ]
      },
      "/Users/chrishewitt/Turing/3mod/sweater_weather/app/services/map_quest_service.rb": {
        "lines": [
          1,
          null,
          1,
          3,
          3,
          null,
          null,
          null,
          1,
          3,
          3,
          null,
          null
        ]
      },
      "/Users/chrishewitt/Turing/3mod/sweater_weather/app/services/unsplash_service.rb": {
        "lines": [
          1,
          null,
          1,
          2,
          2,
          null,
          null,
          null,
          1,
          2,
          null,
          2,
          null,
          null
        ]
      },
      "/Users/chrishewitt/Turing/3mod/sweater_weather/app/services/weather_service.rb": {
        "lines": [
          1,
          null,
          1,
          3,
          3,
          null,
          null,
          null,
          1,
          3,
          null,
          3,
          null,
          null
        ]
      },
      "/Users/chrishewitt/Turing/3mod/sweater_weather/app/controllers/api/v1/backgrounds_controller.rb": {
        "lines": [
          1,
          null,
          1,
          1,
          null,
          1,
          null,
          null
        ]
      },
      "/Users/chrishewitt/Turing/3mod/sweater_weather/app/controllers/application_controller.rb": {
        "lines": [
          1,
          null
        ]
      },
      "/Users/chrishewitt/Turing/3mod/sweater_weather/app/facades/unsplash_facade.rb": {
        "lines": [
          1,
          null,
          1,
          1,
          1,
          null,
          null
        ]
      },
      "/Users/chrishewitt/Turing/3mod/sweater_weather/app/poros/background.rb": {
        "lines": [
          1,
          1,
          null,
          null,
          null,
          null,
          null,
          1,
          1,
          1,
          1,
          1,
          null,
          1,
          null,
          null,
          null,
          null,
          1,
          null,
          1,
          null,
          null,
          null,
          null,
          null
        ]
      },
      "/Users/chrishewitt/Turing/3mod/sweater_weather/app/serializers/background_serializer.rb": {
        "lines": [
          1,
          1,
          null,
          1,
          1,
          null,
          1,
          null
        ]
      },
      "/Users/chrishewitt/Turing/3mod/sweater_weather/app/controllers/api/v1/users_controller.rb": {
        "lines": [
          1,
          null,
          1,
          null,
          8,
          8,
          8,
          2,
          null,
          6,
          null,
          null,
          null,
          1,
          1,
          8,
          null,
          null
        ]
      },
      "/Users/chrishewitt/Turing/3mod/sweater_weather/app/serializers/user_serializer.rb": {
        "lines": [
          1,
          1,
          null,
          1,
          1,
          null,
          null
        ]
      },
      "/Users/chrishewitt/Turing/3mod/sweater_weather/app/controllers/api/v1/forecast_controller.rb": {
        "lines": [
          1,
          null,
          1,
          2,
          2,
          2,
          null,
          null
        ]
      },
      "/Users/chrishewitt/Turing/3mod/sweater_weather/app/facades/map_quest_facade.rb": {
        "lines": [
          1,
          1,
          2,
          2,
          null,
          null
        ]
      },
      "/Users/chrishewitt/Turing/3mod/sweater_weather/app/poros/coordinate.rb": {
        "lines": [
          1,
          1,
          null,
          1,
          4,
          4,
          null,
          null
        ]
      },
      "/Users/chrishewitt/Turing/3mod/sweater_weather/app/facades/weather_facade.rb": {
        "lines": [
          1,
          null,
          1,
          2,
          null,
          null,
          2,
          null,
          null,
          null,
          2,
          null,
          null
        ]
      },
      "/Users/chrishewitt/Turing/3mod/sweater_weather/app/poros/forecast.rb": {
        "lines": [
          1,
          1,
          null,
          null,
          null,
          null,
          1,
          2,
          2,
          2,
          2,
          null,
          null,
          1,
          null,
          2,
          null,
          null,
          null,
          null,
          null,
          null,
          null,
          null,
          null,
          null,
          null,
          null,
          1,
          2,
          null,
          16,
          null,
          null,
          null,
          null,
          null,
          null,
          null,
          1,
          2,
          null,
          10,
          null,
          null,
          null,
          null,
          null,
          null,
          null,
          null,
          null,
          null
        ]
      },
      "/Users/chrishewitt/Turing/3mod/sweater_weather/app/serializers/forecast_serializer.rb": {
        "lines": [
          1,
          1,
          null,
          1,
          1,
          null,
          1,
          null,
          null
        ]
      },
      "/Users/chrishewitt/Turing/3mod/sweater_weather/app/poros/book_search.rb": {
        "lines": [
          1,
          1,
          null,
          null,
          1,
          1,
          1,
          null,
          null,
          1,
          1,
          null,
          5,
          null,
          null,
          null,
          null,
          null,
          null
        ]
      },
      "/Users/chrishewitt/Turing/3mod/sweater_weather/app/controllers/api/v1/book_search_controller.rb": {
        "lines": [
          0,
          null,
          0,
          0,
          0,
          0,
          0,
          0,
          0,
          0
        ],
        "branches": {
        }
      }
    },
    "timestamp": 1646699215
  }
}
