{
  "RSpec": {
    "coverage": {
      "/Users/chrishewitt/Turing/3mod/sweater_weather/app/controllers/api/v1/forecast_controller.rb": {
        "lines": [
          1,
          1,
          1,
          1,
          null,
          null
        ]
      },
      "/Users/chrishewitt/Turing/3mod/sweater_weather/app/controllers/application_controller.rb": {
        "lines": [
          1,
          null
        ]
      },
      "/Users/chrishewitt/Turing/3mod/sweater_weather/app/facades/map_quest_facade.rb": {
        "lines": [
          1,
          1,
          1,
          1,
          null,
          null
        ]
      },
      "/Users/chrishewitt/Turing/3mod/sweater_weather/app/services/map_quest_service.rb": {
        "lines": [
          1,
          null,
          1,
          1,
          1,
          null,
          null,
          null,
          1,
          1,
          1,
          null,
          null
        ]
      },
      "/Users/chrishewitt/Turing/3mod/sweater_weather/app/poros/coordinate.rb": {
        "lines": [
          1,
          1,
          null,
          1,
          1,
          1,
          null,
          null
        ]
      },
      "/Users/chrishewitt/Turing/3mod/sweater_weather/app/facades/weather_facade.rb": {
        "lines": [
          1,
          1,
          1,
          null,
          null
        ]
      },
      "/Users/chrishewitt/Turing/3mod/sweater_weather/app/services/weather_service.rb": {
        "lines": [
          1,
          null,
          1,
          1,
          1,
          null,
          null,
          null,
          1,
          1,
          null,
          1,
          1,
          null,
          null
        ]
      },
      "/Users/chrishewitt/Turing/3mod/sweater_weather/app/mailers/application_mailer.rb": {
        "lines": [
          0,
          0,
          0,
          0
        ],
        "branches": {
        }
      },
      "/Users/chrishewitt/Turing/3mod/sweater_weather/app/models/application_record.rb": {
        "lines": [
          0,
          0,
          0
        ],
        "branches": {
        }
      },
      "/Users/chrishewitt/Turing/3mod/sweater_weather/app/jobs/application_job.rb": {
        "lines": [
          0,
          0
        ],
        "branches": {
        }
      },
      "/Users/chrishewitt/Turing/3mod/sweater_weather/app/services/Map_quest_service.rb": {
        "lines": [
          0,
          null,
          0,
          0,
          0,
          0,
          0,
          null,
          0,
          0,
          0,
          0,
          0
        ],
        "branches": {
        }
      },
      "/Users/chrishewitt/Turing/3mod/sweater_weather/app/channels/application_cable/connection.rb": {
        "lines": [
          0,
          0,
          0,
          0
        ],
        "branches": {
        }
      },
      "/Users/chrishewitt/Turing/3mod/sweater_weather/app/channels/application_cable/channel.rb": {
        "lines": [
          0,
          0,
          0,
          0
        ],
        "branches": {
        }
      }
    },
    "timestamp": 1646607448
  }
}
